<?xml version="1.0" encoding="UTF-8"?>
<!-- Generated by org.testng.reporters.JUnitReportReporter -->
<testsuite hostname="LPT797-B1" name="com.qyrus.practice.qa.pages.testcases.LoginPageTestCase" tests="3" failures="0" timestamp="13 Feb 2022 13:38:18 GMT" time="28.462" errors="0">
  <testcase name="getLogo" time="16.350" classname="com.qyrus.practice.qa.pages.testcases.LoginPageTestCase"/>
  <testcase name="getTitle" time="5.062" classname="com.qyrus.practice.qa.pages.testcases.LoginPageTestCase"/>
  <testcase name="setLoginData" time="7.050" classname="com.qyrus.practice.qa.pages.testcases.LoginPageTestCase"/>
</testsuite> <!-- com.qyrus.practice.qa.pages.testcases.LoginPageTestCase -->
