<?xml version="1.0" encoding="UTF-8"?>
<!-- Generated by org.testng.reporters.JUnitReportReporter -->
<testsuite hostname="LPT797-B1" name="com.qyrus.practice.qa.pages.testcases.DashboardPageTestCase" tests="4" failures="0" timestamp="12 Feb 2022 04:41:26 GMT" time="36.173" errors="0">
  <testcase name="hoverContacts" time="12.361" classname="com.qyrus.practice.qa.pages.testcases.DashboardPageTestCase"/>
  <testcase name="getExportButton" time="7.735" classname="com.qyrus.practice.qa.pages.testcases.DashboardPageTestCase"/>
  <testcase name="getTitle" time="6.382" classname="com.qyrus.practice.qa.pages.testcases.DashboardPageTestCase"/>
  <testcase name="getShowFilterButton" time="9.695" classname="com.qyrus.practice.qa.pages.testcases.DashboardPageTestCase"/>
</testsuite> <!-- com.qyrus.practice.qa.pages.testcases.DashboardPageTestCase -->
