<?xml version="1.0" encoding="UTF-8"?>
<!-- Generated by org.testng.reporters.JUnitReportReporter -->
<testsuite hostname="LPT797-B1" name="com.qyrus.practice.qa.pages.testcases.HomePageTestCase" tests="3" failures="0" timestamp="13 Feb 2022 13:38:18 GMT" time="45.778" errors="0">
  <testcase name="hoverNewContacts" time="19.260" classname="com.qyrus.practice.qa.pages.testcases.HomePageTestCase"/>
  <testcase name="getTitle" time="8.586" classname="com.qyrus.practice.qa.pages.testcases.HomePageTestCase"/>
  <testcase name="hoverContacts" time="17.932" classname="com.qyrus.practice.qa.pages.testcases.HomePageTestCase"/>
</testsuite> <!-- com.qyrus.practice.qa.pages.testcases.HomePageTestCase -->
